<?xml version="1.0" encoding="UTF-8"?>
<!-- Generated by org.testng.reporters.JUnitReportReporter -->
<testsuite hostname="raghava" failures="0" tests="1" name="testCases.TC_002_LoginTest" time="3.075" errors="0" timestamp="2023-12-27T15:24:36 IST" skipped="0">
  <testcase classname="testCases.TC_002_LoginTest" name="test_login" time="3.075"/>
  <system-out/>
</testsuite> <!-- testCases.TC_002_LoginTest -->
