<?xml version="1.0" encoding="UTF-8"?>
<!-- Generated by org.testng.reporters.JUnitReportReporter -->
<testsuite hostname="raghava" failures="0" tests="1" name="testCases.TC_001_AccountRegistrationTest" time="3.937" errors="0" timestamp="2023-12-26T17:02:03 IST" skipped="0">
  <testcase classname="testCases.TC_001_AccountRegistrationTest" name="test_account_Registration" time="3.937"/>
  <system-out/>
</testsuite> <!-- testCases.TC_001_AccountRegistrationTest -->
