<?xml version="1.0" encoding="UTF-8"?>
<!-- Generated by org.testng.reporters.JUnitReportReporter -->
<testsuite hostname="raghava" failures="0" tests="1" name="testCases.TC_001_AccountRegistrationTest" time="4.956" errors="0" timestamp="2023-12-27T16:19:08 IST" skipped="0">
  <testcase classname="testCases.TC_001_AccountRegistrationTest" name="test_account_Registration" time="4.956"/>
</testsuite> <!-- testCases.TC_001_AccountRegistrationTest -->
